\BOOKMARK [0][-]{dummy.4}{\376\377\000A\000c\000k\000n\000o\000w\000l\000e\000d\000g\000m\000e\000n\000t\000s}{}% 1
\BOOKMARK [0][-]{dummy.6}{\376\377\000L\000i\000s\000t\000\040\000o\000f\000\040\000F\000i\000g\000u\000r\000e\000s}{}% 2
\BOOKMARK [0][-]{dummy.8}{\376\377\000A\000b\000s\000t\000r\000a\000c\000t}{}% 3
\BOOKMARK [0][-]{chapter.9}{\376\377\0001\000\040\000R\000e\000s\000u\000l\000t\000s}{}% 4
\BOOKMARK [1][-]{section.10}{\376\377\0001\000.\0001\000\040\0001\000\040\000h\000p\000\040\000M\000o\000t\000o\000r}{chapter.9}% 5
\BOOKMARK [2][-]{subsection.11}{\376\377\0001\000.\0001\000.\0001\000\040\000M\000o\000t\000o\000r\000\040\000c\000h\000a\000r\000a\000c\000t\000e\000r\000i\000s\000t\000i\000c\000s}{section.10}% 6
\BOOKMARK [2][-]{subsection.15}{\376\377\0001\000.\0001\000.\0002\000\040\000M\000e\000t\000h\000o\000d\000\040\0001}{section.10}% 7
\BOOKMARK [3][-]{subsubsection.16}{\376\377\0001\000.\0001\000.\0002\000.\0001\000\040\000R\000a\000t\000e\000d\000\040\000L\000o\000a\000d\000\040\000T\000e\000s\000t}{subsection.15}% 8
\BOOKMARK [3][-]{subsubsection.18}{\376\377\0001\000.\0001\000.\0002\000.\0002\000\040\000L\000o\000a\000d\000\040\000c\000u\000r\000v\000e\000\040\000t\000e\000s\000t}{subsection.15}% 9
\BOOKMARK [3][-]{subsubsection.20}{\376\377\0001\000.\0001\000.\0002\000.\0003\000\040\000N\000o\000\040\000l\000o\000a\000d\000\040\000t\000e\000s\000t}{subsection.15}% 10
\BOOKMARK [2][-]{subsection.26}{\376\377\0001\000.\0001\000.\0003\000\040\000M\000e\000t\000h\000o\000d\000\040\0002}{section.10}% 11
\BOOKMARK [3][-]{subsubsection.27}{\376\377\0001\000.\0001\000.\0003\000.\0001\000\040\000R\000a\000t\000e\000d\000\040\000L\000o\000a\000d\000\040\000T\000e\000s\000t}{subsection.26}% 12
\BOOKMARK [3][-]{subsubsection.29}{\376\377\0001\000.\0001\000.\0003\000.\0002\000\040\000L\000o\000a\000d\000\040\000c\000u\000r\000v\000e\000\040\000t\000e\000s\000t}{subsection.26}% 13
\BOOKMARK [3][-]{subsubsection.31}{\376\377\0001\000.\0001\000.\0003\000.\0003\000\040\000N\000o\000\040\000l\000o\000a\000d\000\040\000t\000e\000s\000t}{subsection.26}% 14
\BOOKMARK [1][-]{section.37}{\376\377\0001\000.\0002\000\040\0001\000.\0005\000\040\000h\000p\000\040\000M\000o\000t\000o\000r}{chapter.9}% 15
\BOOKMARK [2][-]{subsection.38}{\376\377\0001\000.\0002\000.\0001\000\040\000M\000o\000t\000o\000r\000\040\000c\000h\000a\000r\000a\000c\000t\000e\000r\000i\000s\000t\000i\000c\000s}{section.37}% 16
\BOOKMARK [2][-]{subsection.42}{\376\377\0001\000.\0002\000.\0002\000\040\000M\000e\000t\000h\000o\000d\000\040\0001}{section.37}% 17
\BOOKMARK [3][-]{subsubsection.43}{\376\377\0001\000.\0002\000.\0002\000.\0001\000\040\000R\000a\000t\000e\000d\000\040\000L\000o\000a\000d\000\040\000T\000e\000s\000t}{subsection.42}% 18
\BOOKMARK [3][-]{subsubsection.45}{\376\377\0001\000.\0002\000.\0002\000.\0002\000\040\000L\000o\000a\000d\000\040\000c\000u\000r\000v\000e\000\040\000t\000e\000s\000t}{subsection.42}% 19
\BOOKMARK [3][-]{subsubsection.47}{\376\377\0001\000.\0002\000.\0002\000.\0003\000\040\000N\000o\000\040\000l\000o\000a\000d\000\040\000t\000e\000s\000t}{subsection.42}% 20
\BOOKMARK [2][-]{subsection.53}{\376\377\0001\000.\0002\000.\0003\000\040\000M\000e\000t\000h\000o\000d\000\040\0002}{section.37}% 21
\BOOKMARK [3][-]{subsubsection.54}{\376\377\0001\000.\0002\000.\0003\000.\0001\000\040\000R\000a\000t\000e\000d\000\040\000L\000o\000a\000d\000\040\000T\000e\000s\000t}{subsection.53}% 22
\BOOKMARK [3][-]{subsubsection.56}{\376\377\0001\000.\0002\000.\0003\000.\0002\000\040\000L\000o\000a\000d\000\040\000c\000u\000r\000v\000e\000\040\000t\000e\000s\000t}{subsection.53}% 23
\BOOKMARK [3][-]{subsubsection.58}{\376\377\0001\000.\0002\000.\0003\000.\0003\000\040\000N\000o\000\040\000l\000o\000a\000d\000\040\000t\000e\000s\000t}{subsection.53}% 24
\BOOKMARK [1][-]{section.64}{\376\377\0001\000.\0003\000\040\000C\000o\000n\000c\000l\000u\000d\000i\000n\000g\000\040\000R\000e\000m\000a\000r\000k\000s}{chapter.9}% 25
