This is pdfTeX, Version 3.14159265-2.6-1.40.21 (MiKTeX 20.7) (preloaded format=pdflatex 2020.8.23)  11 OCT 2020 15:00
entering extended mode
**"f:/Study/MS THESIS/writeup/2017-FMSEE32 LaTeX Files/uet_thesis.tex"
("f:/Study/MS THESIS/writeup/2017-FMSEE32 LaTeX Files/uet_thesis.tex"
LaTeX2e <2020-02-02> patch level 5
L3 programming layer <2020-08-07> ("f:/Study\MS THESIS\writeup\2017-FMSEE32 LaTeX Files\uet_thesis.cls"
Document Class: uet_thesis 2010/22/03 v1.1 LaTeX document class
(C:\Users\Arsla\AppData\Local\Programs\MiKTeX\tex/latex/base\book.cls
Document Class: book 2019/12/20 v1.4l Standard LaTeX document class
(C:\Users\Arsla\AppData\Local\Programs\MiKTeX\tex/latex/base\bk12.clo
File: bk12.clo 2019/12/20 v1.4l Standard LaTeX file (size option)
)
\c@part=\count168
\c@chapter=\count169
\c@section=\count170
\c@subsection=\count171
\c@subsubsection=\count172
\c@paragraph=\count173
\c@subparagraph=\count174
\c@figure=\count175
\c@table=\count176
\abovecaptionskip=\skip47
\belowcaptionskip=\skip48
\bibindent=\dimen134
) (C:\Users\Arsla\AppData\Local\Programs\MiKTeX\tex/latex/setspace\setspace.sty
Package: setspace 2011/12/19 v6.7a set line spacing
) (C:\Users\Arsla\AppData\Local\Programs\MiKTeX\tex/latex/vmargin\vmargin.sty
Package: vmargin 2004/07/15 V2.5 set document margins (VK)

Package: vmargin 2004/07/15 V2.5 set document margins (VK)
\PaperWidth=\dimen135
\PaperHeight=\dimen136
) (C:\Users\Arsla\AppData\Local\Programs\MiKTeX\tex/latex/fancyhdr\fancyhdr.sty
Package: fancyhdr 2019/01/31 v3.10 Extensive control of page headers and footers
\f@nch@headwidth=\skip49
\f@nch@O@elh=\skip50
\f@nch@O@erh=\skip51
\f@nch@O@olh=\skip52
\f@nch@O@orh=\skip53
\f@nch@O@elf=\skip54
\f@nch@O@erf=\skip55
\f@nch@O@olf=\skip56
\f@nch@O@orf=\skip57
) (C:\Users\Arsla\AppData\Local\Programs\MiKTeX\tex/latex/amsmath\amsmath.sty
Package: amsmath 2020/01/20 v2.17e AMS math features
\@mathmargin=\skip58

For additional information on amsmath, use the `?' option.
(C:\Users\Arsla\AppData\Local\Programs\MiKTeX\tex/latex/amsmath\amstext.sty
Package: amstext 2000/06/29 v2.01 AMS text
 (C:\Users\Arsla\AppData\Local\Programs\MiKTeX\tex/latex/amsmath\amsgen.sty
File: amsgen.sty 1999/11/30 v2.0 generic functions
\@emptytoks=\toks15
\ex@=\dimen137
)) (C:\Users\Arsla\AppData\Local\Programs\MiKTeX\tex/latex/amsmath\amsbsy.sty
Package: amsbsy 1999/11/29 v1.2d Bold Symbols
\pmbraise@=\dimen138
) (C:\Users\Arsla\AppData\Local\Programs\MiKTeX\tex/latex/amsmath\amsopn.sty
Package: amsopn 2016/03/08 v2.02 operator names
)
\inf@bad=\count177
LaTeX Info: Redefining \frac on input line 227.
\uproot@=\count178
\leftroot@=\count179
LaTeX Info: Redefining \overline on input line 389.
\classnum@=\count180
\DOTSCASE@=\count181
LaTeX Info: Redefining \ldots on input line 486.
LaTeX Info: Redefining \dots on input line 489.
LaTeX Info: Redefining \cdots on input line 610.
\Mathstrutbox@=\box45
\strutbox@=\box46
\big@size=\dimen139
LaTeX Font Info:    Redeclaring font encoding OML on input line 733.
LaTeX Font Info:    Redeclaring font encoding OMS on input line 734.
\macc@depth=\count182
\c@MaxMatrixCols=\count183
\dotsspace@=\muskip16
\c@parentequation=\count184
\dspbrk@lvl=\count185
\tag@help=\toks16
\row@=\count186
\column@=\count187
\maxfields@=\count188
\andhelp@=\toks17
\eqnshift@=\dimen140
\alignsep@=\dimen141
\tagshift@=\dimen142
\tagwidth@=\dimen143
\totwidth@=\dimen144
\lineht@=\dimen145
\@envbody=\toks18
\multlinegap=\skip59
\multlinetaggap=\skip60
\mathdisplay@stack=\toks19
LaTeX Info: Redefining \[ on input line 2859.
LaTeX Info: Redefining \] on input line 2860.
) (C:\Users\Arsla\AppData\Local\Programs\MiKTeX\tex/latex/amsfonts\amsfonts.sty
Package: amsfonts 2013/01/14 v3.01 Basic AMSFonts support
\symAMSa=\mathgroup4
\symAMSb=\mathgroup5
LaTeX Font Info:    Redeclaring math symbol \hbar on input line 98.
LaTeX Font Info:    Overwriting math alphabet `\mathfrak' in version `bold'
(Font)                  U/euf/m/n --> U/euf/b/n on input line 106.
) (C:\Users\Arsla\AppData\Local\Programs\MiKTeX\tex/latex/amsfonts\amssymb.sty
Package: amssymb 2013/01/14 v3.01 AMS font symbols
) (C:\Users\Arsla\AppData\Local\Programs\MiKTeX\tex/latex/amsmath\amscd.sty
Package: amscd 2017/04/14 v2.1 AMS Commutative Diagrams
\athelp@=\toks20
\minaw@=\dimen146
\bigaw@=\dimen147
\minCDarrowwidth=\dimen148
) (C:\Users\Arsla\AppData\Local\Programs\MiKTeX\tex/latex/amscls\amsthm.sty
Package: amsthm 2020/05/29 v2.20.6
\thm@style=\toks21
\thm@bodyfont=\toks22
\thm@headfont=\toks23
\thm@notefont=\toks24
\thm@headpunct=\toks25
\thm@preskip=\skip61
\thm@postskip=\skip62
\thm@headsep=\skip63
\dth@everypar=\toks26
) (C:\Users\Arsla\AppData\Local\Programs\MiKTeX\tex/latex/tools\xspace.sty
Package: xspace 2014/10/28 v1.13 Space after command names (DPC,MH)
)
\c@example=\count189
\c@theorem=\count190
 (C:\Users\Arsla\AppData\Local\Programs\MiKTeX\tex/latex/caption\caption.sty
Package: caption 2020/05/30 v3.4k Customizing captions (AR)
 (C:\Users\Arsla\AppData\Local\Programs\MiKTeX\tex/latex/caption\caption3.sty
Package: caption3 2020/07/20 v1.12b caption3 kernel (AR)
Package caption3 Info: TeX engine: e-TeX on input line 61.
 (C:\Users\Arsla\AppData\Local\Programs\MiKTeX\tex/latex/graphics\keyval.sty
Package: keyval 2014/10/28 v1.15 key=value parser (DPC)
\KV@toks@=\toks27
)
\captionmargin=\dimen149
\captionmargin@=\dimen150
\captionwidth=\dimen151
\caption@tempdima=\dimen152
\caption@indent=\dimen153
\caption@parindent=\dimen154
\caption@hangindent=\dimen155
Package caption Info: Standard document class detected.
)
\c@caption@flags=\count191
\c@continuedfloat=\count192
) (C:\Users\Arsla\AppData\Local\Programs\MiKTeX\tex/latex/graphics\graphicx.sty
Package: graphicx 2019/11/30 v1.2a Enhanced LaTeX Graphics (DPC,SPQR)
 (C:\Users\Arsla\AppData\Local\Programs\MiKTeX\tex/latex/graphics\graphics.sty
Package: graphics 2019/11/30 v1.4a Standard LaTeX Graphics (DPC,SPQR)
 (C:\Users\Arsla\AppData\Local\Programs\MiKTeX\tex/latex/graphics\trig.sty
Package: trig 2016/01/03 v1.10 sin cos tan (DPC)
) (C:\Users\Arsla\AppData\Local\Programs\MiKTeX\tex/latex/graphics-cfg\graphics.cfg
File: graphics.cfg 2016/06/04 v1.11 sample graphics configuration
)
Package graphics Info: Driver file: pdftex.def on input line 105.
 (C:\Users\Arsla\AppData\Local\Programs\MiKTeX\tex/latex/graphics-def\pdftex.def
File: pdftex.def 2018/01/08 v1.0l Graphics/color driver for pdftex
))
\Gin@req@height=\dimen156
\Gin@req@width=\dimen157
) (C:\Users\Arsla\AppData\Local\Programs\MiKTeX\tex/latex/subfigure\subfigure.sty
Package: subfigure 2002/07/30 v2.1.4 subfigure package
\subfigtopskip=\skip64
\subfigcapskip=\skip65
\subfigcaptopadj=\dimen158
\subfigbottomskip=\skip66
\subfigcapmargin=\dimen159
\subfiglabelskip=\skip67
\c@subfigure=\count193
\c@lofdepth=\count194
\c@subtable=\count195
\c@lotdepth=\count196

****************************************
* Local config file subfigure.cfg used *
****************************************
(C:\Users\Arsla\AppData\Local\Programs\MiKTeX\tex/latex/subfigure\subfigure.cfg)
\subfig@top=\skip68
\subfig@bottom=\skip69
) (C:\Users\Arsla\AppData\Local\Programs\MiKTeX\tex/latex/booktabs\booktabs.sty
Package: booktabs 2020/01/12 v1.61803398 Publication quality tables
\heavyrulewidth=\dimen160
\lightrulewidth=\dimen161
\cmidrulewidth=\dimen162
\belowrulesep=\dimen163
\belowbottomsep=\dimen164
\aboverulesep=\dimen165
\abovetopsep=\dimen166
\cmidrulesep=\dimen167
\cmidrulekern=\dimen168
\defaultaddspace=\dimen169
\@cmidla=\count197
\@cmidlb=\count198
\@aboverulesep=\dimen170
\@belowrulesep=\dimen171
\@thisruleclass=\count199
\@lastruleclass=\count266
\@thisrulewidth=\dimen172
) (C:\Users\Arsla\AppData\Local\Programs\MiKTeX\tex/latex/graphics\rotating.sty
Package: rotating 2016/08/11 v2.16d rotated objects in LaTeX
 (C:\Users\Arsla\AppData\Local\Programs\MiKTeX\tex/latex/base\ifthen.sty
Package: ifthen 2014/09/29 v1.1c Standard LaTeX ifthen package (DPC)
)
\c@r@tfl@t=\count267
\rotFPtop=\skip70
\rotFPbot=\skip71
\rot@float@box=\box47
\rot@mess@toks=\toks28
) (C:\Users\Arsla\AppData\Local\Programs\MiKTeX\tex/latex/listings\listings.sty
\lst@mode=\count268
\lst@gtempboxa=\box48
\lst@token=\toks29
\lst@length=\count269
\lst@currlwidth=\dimen173
\lst@column=\count270
\lst@pos=\count271
\lst@lostspace=\dimen174
\lst@width=\dimen175
\lst@newlines=\count272
\lst@lineno=\count273
\lst@maxwidth=\dimen176
 (C:\Users\Arsla\AppData\Local\Programs\MiKTeX\tex/latex/listings\lstmisc.sty
File: lstmisc.sty 2020/03/24 1.8d (Carsten Heinz)
\c@lstnumber=\count274
\lst@skipnumbers=\count275
\lst@framebox=\box49
) (C:\Users\Arsla\AppData\Local\Programs\MiKTeX\tex/latex/listings\listings.cfg
File: listings.cfg 2020/03/24 1.8d listings configuration
))
Package: listings 2020/03/24 1.8d (Carsten Heinz)
 (C:\Users\Arsla\AppData\Local\Programs\MiKTeX\tex/latex/hyperref\hyperref.sty
Package: hyperref 2020-05-15 v7.00e Hypertext links for LaTeX
 (C:\Users\Arsla\AppData\Local\Programs\MiKTeX\tex/generic/ltxcmds\ltxcmds.sty
Package: ltxcmds 2019/12/15 v1.24 LaTeX kernel commands for general use (HO)
) (C:\Users\Arsla\AppData\Local\Programs\MiKTeX\tex/generic/iftex\iftex.sty
Package: iftex 2020/03/06 v1.0d TeX engine tests
) (C:\Users\Arsla\AppData\Local\Programs\MiKTeX\tex/generic/pdftexcmds\pdftexcmds.sty
Package: pdftexcmds 2020-06-27 v0.33 Utility functions of pdfTeX for LuaTeX (HO)
 (C:\Users\Arsla\AppData\Local\Programs\MiKTeX\tex/generic/infwarerr\infwarerr.sty
Package: infwarerr 2019/12/03 v1.5 Providing info/warning/error messages (HO)
)
Package pdftexcmds Info: \pdf@primitive is available.
Package pdftexcmds Info: \pdf@ifprimitive is available.
Package pdftexcmds Info: \pdfdraftmode found.
) (C:\Users\Arsla\AppData\Local\Programs\MiKTeX\tex/generic/kvsetkeys\kvsetkeys.sty
Package: kvsetkeys 2019/12/15 v1.18 Key value parser (HO)
) (C:\Users\Arsla\AppData\Local\Programs\MiKTeX\tex/generic/kvdefinekeys\kvdefinekeys.sty
Package: kvdefinekeys 2019-12-19 v1.6 Define keys (HO)
) (C:\Users\Arsla\AppData\Local\Programs\MiKTeX\tex/generic/pdfescape\pdfescape.sty
Package: pdfescape 2019/12/09 v1.15 Implements pdfTeX's escape features (HO)
) (C:\Users\Arsla\AppData\Local\Programs\MiKTeX\tex/latex/hycolor\hycolor.sty
Package: hycolor 2020-01-27 v1.10 Color options for hyperref/bookmark (HO)
) (C:\Users\Arsla\AppData\Local\Programs\MiKTeX\tex/latex/letltxmacro\letltxmacro.sty
Package: letltxmacro 2019/12/03 v1.6 Let assignment for LaTeX macros (HO)
) (C:\Users\Arsla\AppData\Local\Programs\MiKTeX\tex/latex/auxhook\auxhook.sty
Package: auxhook 2019-12-17 v1.6 Hooks for auxiliary files (HO)
) (C:\Users\Arsla\AppData\Local\Programs\MiKTeX\tex/latex/kvoptions\kvoptions.sty
Package: kvoptions 2019/11/29 v3.13 Key value format for package options (HO)
)
\@linkdim=\dimen177
\Hy@linkcounter=\count276
\Hy@pagecounter=\count277
 (C:\Users\Arsla\AppData\Local\Programs\MiKTeX\tex/latex/hyperref\pd1enc.def
File: pd1enc.def 2020-05-15 v7.00e Hyperref: PDFDocEncoding definition (HO)
Now handling font encoding PD1 ...
... no UTF-8 mapping file for font encoding PD1
) (C:\Users\Arsla\AppData\Local\Programs\MiKTeX\tex/generic/intcalc\intcalc.sty
Package: intcalc 2019/12/15 v1.3 Expandable calculations with integers (HO)
) (C:\Users\Arsla\AppData\Local\Programs\MiKTeX\tex/generic/etexcmds\etexcmds.sty
Package: etexcmds 2019/12/15 v1.7 Avoid name clashes with e-TeX commands (HO)
)
\Hy@SavedSpaceFactor=\count278
Package hyperref Info: Option `bookmarks' set `true' on input line 4338.
Package hyperref Info: Option `bookmarksopen' set `true' on input line 4338.
Package hyperref Info: Option `bookmarksnumbered' set `true' on input line 4338.
Package hyperref Info: Option `hypertexnames' set `false' on input line 4338.
Package hyperref Info: Option `colorlinks' set `true' on input line 4338.
Package hyperref Info: Option `unicode' set `true' on input line 4338.
 (C:\Users\Arsla\AppData\Local\Programs\MiKTeX\tex/latex/hyperref\puenc.def
File: puenc.def 2020-05-15 v7.00e Hyperref: PDF Unicode definition (HO)
Now handling font encoding PU ...
... no UTF-8 mapping file for font encoding PU
)
Package hyperref Info: Option `breaklinks' set `true' on input line 4338.
Package hyperref Info: Hyper figures OFF on input line 4464.
Package hyperref Info: Link nesting OFF on input line 4469.
Package hyperref Info: Hyper index ON on input line 4472.
Package hyperref Info: Plain pages OFF on input line 4479.
Package hyperref Info: Backreferencing OFF on input line 4484.
Package hyperref Info: Implicit mode ON; LaTeX internals redefined.
Package hyperref Info: Bookmarks ON on input line 4717.
\c@Hy@tempcnt=\count279
 (C:\Users\Arsla\AppData\Local\Programs\MiKTeX\tex/latex/url\url.sty
\Urlmuskip=\muskip17
Package: url 2013/09/16  ver 3.4  Verb mode for urls, etc.
)
LaTeX Info: Redefining \url on input line 5076.
\XeTeXLinkMargin=\dimen178
 (C:\Users\Arsla\AppData\Local\Programs\MiKTeX\tex/generic/bitset\bitset.sty
Package: bitset 2019/12/09 v1.3 Handle bit-vector datatype (HO)
 (C:\Users\Arsla\AppData\Local\Programs\MiKTeX\tex/generic/bigintcalc\bigintcalc.sty
Package: bigintcalc 2019/12/15 v1.5 Expandable calculations on big integers (HO)
))
\Fld@menulength=\count280
\Field@Width=\dimen179
\Fld@charsize=\dimen180
Package hyperref Info: Hyper figures OFF on input line 6347.
Package hyperref Info: Link nesting OFF on input line 6352.
Package hyperref Info: Hyper index ON on input line 6355.
Package hyperref Info: backreferencing OFF on input line 6362.
Package hyperref Info: Link coloring ON on input line 6365.
Package hyperref Info: Link coloring with OCG OFF on input line 6372.
Package hyperref Info: PDF/A mode OFF on input line 6377.
LaTeX Info: Redefining \ref on input line 6417.
LaTeX Info: Redefining \pageref on input line 6421.
 (C:\Users\Arsla\AppData\Local\Programs\MiKTeX\tex/generic/atbegshi\atbegshi.sty
Package: atbegshi 2019/12/05 v1.19 At begin shipout hook (HO)
)
\Hy@abspage=\count281
\c@Item=\count282
\c@Hfootnote=\count283
)
Package hyperref Info: Driver (autodetected): hpdftex.
 (C:\Users\Arsla\AppData\Local\Programs\MiKTeX\tex/latex/hyperref\hpdftex.def
File: hpdftex.def 2020-05-15 v7.00e Hyperref driver for pdfTeX
 (C:\Users\Arsla\AppData\Local\Programs\MiKTeX\tex/latex/atveryend\atveryend.sty
Package: atveryend 2019-12-11 v1.11 Hooks at the very end of document (HO)
Package atveryend Info: \enddocument detected (standard20110627).
)
\Fld@listcount=\count284
\c@bookmark@seq@number=\count285
 (C:\Users\Arsla\AppData\Local\Programs\MiKTeX\tex/latex/rerunfilecheck\rerunfilecheck.sty
Package: rerunfilecheck 2019/12/05 v1.9 Rerun checks for auxiliary files (HO)
 (C:\Users\Arsla\AppData\Local\Programs\MiKTeX\tex/generic/uniquecounter\uniquecounter.sty
Package: uniquecounter 2019/12/15 v1.4 Provide unlimited unique counter (HO)
)
Package uniquecounter Info: New unique counter `rerunfilecheck' on input line 286.
)
\Hy@SectionHShift=\skip72
)
\c@dummy=\count286
 (C:\Users\Arsla\AppData\Local\Programs\MiKTeX\tex/latex/tools\longtable.sty
Package: longtable 2020/01/07 v4.13 Multi-page Table package (DPC)
\LTleft=\skip73
\LTright=\skip74
\LTpre=\skip75
\LTpost=\skip76
\LTchunksize=\count287
\LTcapwidth=\dimen181
\LT@head=\box50
\LT@firsthead=\box51
\LT@foot=\box52
\LT@lastfoot=\box53
\LT@cols=\count288
\LT@rows=\count289
\c@LT@tables=\count290
\c@LT@chunks=\count291
\LT@p@ftn=\toks30
)) (C:\Users\Arsla\AppData\Local\Programs\MiKTeX\tex/latex/natbib\natbib.sty
Package: natbib 2010/09/13 8.31b (PWD, AO)
\bibhang=\skip77
\bibsep=\skip78
LaTeX Info: Redefining \cite on input line 694.
\c@NAT@ctr=\count292
) (C:\Users\Arsla\AppData\Local\Programs\MiKTeX\tex/latex/tools\verbatim.sty
Package: verbatim 2019/11/10 v1.5r LaTeX2e package for verbatim enhancements
\every@verbatim=\toks31
\verbatim@line=\toks32
\verbatim@in@stream=\read2
) (C:\Users\Arsla\AppData\Local\Programs\MiKTeX\tex/latex/vector\vector.sty
Package: vector 1994/09/16 v1.0 vector macros for LaTeX2e (nde)
 (C:\Users\Arsla\AppData\Local\Programs\MiKTeX\tex/latex/tools\calc.sty
Package: calc 2017/05/25 v4.3 Infix arithmetic (KKT,FJ)
\calc@Acount=\count293
\calc@Bcount=\count294
\calc@Adimen=\dimen182
\calc@Bdimen=\dimen183
\calc@Askip=\skip79
\calc@Bskip=\skip80
LaTeX Info: Redefining \setlength on input line 80.
LaTeX Info: Redefining \addtolength on input line 81.
\calc@Ccount=\count295
\calc@Cskip=\skip81
)
\c@vec@elem=\count296
) (C:\Users\Arsla\AppData\Local\Programs\MiKTeX\tex/latex/float\float.sty
Package: float 2001/11/08 v1.3d Float enhancements (AL)
\c@float@type=\count297
\float@exts=\toks33
\float@box=\box54
\@float@everytoks=\toks34
\@floatcapt=\box55
)
Package hyperref Info: Option `colorlinks' set `true' on input line 22.
 (C:\Users\Arsla\AppData\Local\Programs\MiKTeX\tex/latex/titlesec\titlesec.sty
Package: titlesec 2019/10/16 v2.13 Sectioning titles
\ttl@box=\box56
\beforetitleunit=\skip82
\aftertitleunit=\skip83
\ttl@plus=\dimen184
\ttl@minus=\dimen185
\ttl@toksa=\toks35
\titlewidth=\dimen186
\titlewidthlast=\dimen187
\titlewidthfirst=\dimen188
) (C:\Users\Arsla\AppData\Local\Programs\MiKTeX\tex/latex/graphics\color.sty
Package: color 2019/11/23 v1.2a Standard LaTeX Color (DPC)
 (C:\Users\Arsla\AppData\Local\Programs\MiKTeX\tex/latex/graphics-cfg\color.cfg
File: color.cfg 2016/01/02 v1.6 sample color configuration
)
Package color Info: Driver file: pdftex.def on input line 147.
) (C:\Users\Arsla\AppData\Local\Programs\MiKTeX\tex/latex/xcolor\xcolor.sty
Package: xcolor 2016/05/11 v2.12 LaTeX color extensions (UK)
 (C:\Users\Arsla\AppData\Local\Programs\MiKTeX\tex/latex/graphics-cfg\color.cfg
File: color.cfg 2016/01/02 v1.6 sample color configuration
)
Package xcolor Info: Driver file: pdftex.def on input line 225.
 (C:\Users\Arsla\AppData\Local\Programs\MiKTeX\tex/latex/colortbl\colortbl.sty
Package: colortbl 2020/01/04 v1.0e Color table columns (DPC)
 (C:\Users\Arsla\AppData\Local\Programs\MiKTeX\tex/latex/tools\array.sty
Package: array 2019/08/31 v2.4l Tabular extension package (FMi)
\col@sep=\dimen189
\ar@mcellbox=\box57
\extrarowheight=\dimen190
\NC@list=\toks36
\extratabsurround=\skip84
\backup@length=\skip85
\ar@cellbox=\box58
)
\everycr=\toks37
\minrowclearance=\skip86
)
LaTeX Info: Redefining \color on input line 709.
\rownum=\count298
Package xcolor Info: Model `cmy' substituted by `cmy0' on input line 1348.
Package xcolor Info: Model `hsb' substituted by `rgb' on input line 1352.
Package xcolor Info: Model `RGB' extended on input line 1364.
Package xcolor Info: Model `HTML' substituted by `rgb' on input line 1366.
Package xcolor Info: Model `Hsb' substituted by `hsb' on input line 1367.
Package xcolor Info: Model `tHsb' substituted by `hsb' on input line 1368.
Package xcolor Info: Model `HSB' substituted by `hsb' on input line 1369.
Package xcolor Info: Model `Gray' substituted by `gray' on input line 1370.
Package xcolor Info: Model `wave' substituted by `hsb' on input line 1371.
) (C:\Users\Arsla\AppData\Local\Programs\MiKTeX\tex/latex/l3backend\l3backend-pdfmode.def
File: l3backend-pdfmode.def 2020-08-07 L3 backend support: PDF mode
\l__kernel_color_stack_int=\count299
\l__pdf_internal_box=\box59
) ("f:/Study\MS THESIS\writeup\2017-FMSEE32 LaTeX Files\uet_thesis.aux")
\openout1 = `uet_thesis.aux'.

LaTeX Font Info:    Checking defaults for OML/cmm/m/it on input line 44.
LaTeX Font Info:    ... okay on input line 44.
LaTeX Font Info:    Checking defaults for OMS/cmsy/m/n on input line 44.
LaTeX Font Info:    ... okay on input line 44.
LaTeX Font Info:    Checking defaults for OT1/cmr/m/n on input line 44.
LaTeX Font Info:    ... okay on input line 44.
LaTeX Font Info:    Checking defaults for T1/cmr/m/n on input line 44.
LaTeX Font Info:    ... okay on input line 44.
LaTeX Font Info:    Checking defaults for TS1/cmr/m/n on input line 44.
LaTeX Font Info:    ... okay on input line 44.
LaTeX Font Info:    Checking defaults for OMX/cmex/m/n on input line 44.
LaTeX Font Info:    ... okay on input line 44.
LaTeX Font Info:    Checking defaults for U/cmr/m/n on input line 44.
LaTeX Font Info:    ... okay on input line 44.
LaTeX Font Info:    Checking defaults for PD1/pdf/m/n on input line 44.
LaTeX Font Info:    ... okay on input line 44.
LaTeX Font Info:    Checking defaults for PU/pdf/m/n on input line 44.
LaTeX Font Info:    ... okay on input line 44.
Package caption Info: Begin \AtBeginDocument code.
Package caption Info: float package is loaded.
Package caption Info: hyperref package is loaded.
Package caption Info: listings package is loaded.
Package caption Info: longtable package is loaded.
 (C:\Users\Arsla\AppData\Local\Programs\MiKTeX\tex/latex/caption\ltcaption.sty
Package: ltcaption 2020/05/30 v1.4b longtable captions (AR)
)
Package caption Info: rotating package is loaded.
Package caption Info: subfigure package is loaded.
Package caption Info: End \AtBeginDocument code.
 (C:\Users\Arsla\AppData\Local\Programs\MiKTeX\tex/context/base/mkii\supp-pdf.mkii
[Loading MPS to PDF converter (version 2006.09.02).]
\scratchcounter=\count300
\scratchdimen=\dimen191
\scratchbox=\box60
\nofMPsegments=\count301
\nofMParguments=\count302
\everyMPshowfont=\toks38
\MPscratchCnt=\count303
\MPscratchDim=\dimen192
\MPnumerator=\count304
\makeMPintoPDFobject=\count305
\everyMPtoPDFconversion=\toks39
) (C:\Users\Arsla\AppData\Local\Programs\MiKTeX\tex/latex/epstopdf-pkg\epstopdf-base.sty
Package: epstopdf-base 2020-01-24 v2.11 Base part for package epstopdf
Package epstopdf-base Info: Redefining graphics rule for `.eps' on input line 485.
)
\c@lstlisting=\count306
\AtBeginShipoutBox=\box61
Package hyperref Info: Link coloring ON on input line 44.
 (C:\Users\Arsla\AppData\Local\Programs\MiKTeX\tex/latex/hyperref\nameref.sty
Package: nameref 2019/09/16 v2.46 Cross-referencing by name of section
 (C:\Users\Arsla\AppData\Local\Programs\MiKTeX\tex/latex/refcount\refcount.sty
Package: refcount 2019/12/15 v3.6 Data extraction from label references (HO)
) (C:\Users\Arsla\AppData\Local\Programs\MiKTeX\tex/generic/gettitlestring\gettitlestring.sty
Package: gettitlestring 2019/12/15 v1.6 Cleanup title references (HO)
)
\c@section@level=\count307
)
LaTeX Info: Redefining \ref on input line 44.
LaTeX Info: Redefining \pageref on input line 44.
LaTeX Info: Redefining \nameref on input line 44.
 ("f:/Study\MS THESIS\writeup\2017-FMSEE32 LaTeX Files\uet_thesis.out") ("f:/Study\MS THESIS\writeup\2017-FMSEE32 LaTeX Files\uet_thesis.out")
\@outlinefile=\write3
\openout3 = `uet_thesis.out'.


-------------------------------------------
 Title Page
-------------------------------------------
<./Figures/uet_logo.pdf, id=103, 150.5625pt x 150.5625pt>
File: ./Figures/uet_logo.pdf Graphic file (type pdf)
<use ./Figures/uet_logo.pdf>
Package pdftex.def Info: ./Figures/uet_logo.pdf  used on input line 59.
(pdftex.def)             Requested size: 150.56212pt x 150.56212pt.
[1



{C:/Users/Arsla/AppData/Local/MiKTeX/pdftex/config/pdftex.map} <./Figures/uet_logo.pdf>]
-------------------------------------------
 Certification
-------------------------------------------
LaTeX Font Info:    Trying to load font information for U+msa on input line 73.
(C:\Users\Arsla\AppData\Local\Programs\MiKTeX\tex/latex/amsfonts\umsa.fd
File: umsa.fd 2013/01/14 v3.01 AMS symbols A
)
LaTeX Font Info:    Trying to load font information for U+msb on input line 73.
 (C:\Users\Arsla\AppData\Local\Programs\MiKTeX\tex/latex/amsfonts\umsb.fd
File: umsb.fd 2013/01/14 v3.01 AMS symbols B
)
Overfull \hbox (25.85603pt too wide) in paragraph at lines 73--73
 [][] 
 []


Overfull \hbox (28.2977pt too wide) in paragraph at lines 73--73
 [][] 
 []

[1

]
-------------------------------------------
 Declaration of Authorship
-------------------------------------------
[2

]
-------------------------------------------
 Acknowledgments
-------------------------------------------
[3

]
-------------------------------------------
 Dedicatory
-------------------------------------------
[4

]
-------------------------------------------
 Table of Contents
-------------------------------------------
("f:/Study\MS THESIS\writeup\2017-FMSEE32 LaTeX Files\uet_thesis.toc")
\tf@toc=\write4
\openout4 = `uet_thesis.toc'.

 [5


]
-------------------------------------------
 List of Figures
-------------------------------------------
("f:/Study\MS THESIS\writeup\2017-FMSEE32 LaTeX Files\uet_thesis.lof")
\tf@lof=\write5
\openout5 = `uet_thesis.lof'.

 [6


]
-------------------------------------------
 Abstract Page
-------------------------------------------
[7

] (Chapters/Chapter5.tex
Chapter 1.
-------------------------------------------
 1 Results
-------------------------------------------
[1



]
<./Figures/MS/fig51.png, id=225, 1214.28656pt x 651.18282pt>
File: ./Figures/MS/fig51.png Graphic file (type png)
<use ./Figures/MS/fig51.png>
Package pdftex.def Info: ./Figures/MS/fig51.png  used on input line 14.
(pdftex.def)             Requested size: 325.215pt x 174.40082pt.
<./Figures/MS/fig52.png, id=227, 1196.97188pt x 637.63219pt>
File: ./Figures/MS/fig52.png Graphic file (type png)
<use ./Figures/MS/fig52.png>
Package pdftex.def Info: ./Figures/MS/fig52.png  used on input line 22.
(pdftex.def)             Requested size: 325.215pt x 173.24297pt.
<./Figures/MS/fig53.png, id=228, 1192.455pt x 642.14906pt>
File: ./Figures/MS/fig53.png Graphic file (type png)
<use ./Figures/MS/fig53.png>
Package pdftex.def Info: ./Figures/MS/fig53.png  used on input line 30.
(pdftex.def)             Requested size: 325.215pt x 175.12668pt.
 [2

 <./Figures/MS/fig51.png> <./Figures/MS/fig52.png>] [3 <./Figures/MS/fig53.png>]
Overfull \hbox (3.10933pt too wide) in paragraph at lines 41--63
[][] 
 []


Overfull \hbox (32.69675pt too wide) in paragraph at lines 68--90
[][] 
 []

[4

]
<./Figures/MS/fig54.png, id=249, 637.63219pt x 347.04657pt>
File: ./Figures/MS/fig54.png Graphic file (type png)
<use ./Figures/MS/fig54.png>
Package pdftex.def Info: ./Figures/MS/fig54.png  used on input line 115.
(pdftex.def)             Requested size: 325.215pt x 177.0073pt.
<./Figures/MS/fig55.png, id=250, 636.87938pt x 381.67593pt>
File: ./Figures/MS/fig55.png Graphic file (type png)
<use ./Figures/MS/fig55.png>
Package pdftex.def Info: ./Figures/MS/fig55.png  used on input line 123.
(pdftex.def)             Requested size: 325.215pt x 194.89674pt.
<./Figures/MS/fig56.png, id=251, 726.46407pt x 400.49625pt>
File: ./Figures/MS/fig56.png Graphic file (type png)
<use ./Figures/MS/fig56.png>
Package pdftex.def Info: ./Figures/MS/fig56.png  used on input line 131.
(pdftex.def)             Requested size: 325.215pt x 179.29276pt.
<./Figures/MS/fig57.png, id=252, 886.06032pt x 467.49657pt>
File: ./Figures/MS/fig57.png Graphic file (type png)
<use ./Figures/MS/fig57.png>
Package pdftex.def Info: ./Figures/MS/fig57.png  used on input line 139.
(pdftex.def)             Requested size: 325.215pt x 171.58713pt.
 [5 <./Figures/MS/fig54.png>] [6 <./Figures/MS/fig55.png> <./Figures/MS/fig56.png>] [7 <./Figures/MS/fig57.png>]
Overfull \hbox (3.10933pt too wide) in paragraph at lines 150--173
[][] 
 []


Overfull \hbox (32.69675pt too wide) in paragraph at lines 178--200
[][] 
 []

[8

]
<./Figures/MS/fig58.png, id=277, 728.7225pt x 405.01312pt>
File: ./Figures/MS/fig58.png Graphic file (type png)
<use ./Figures/MS/fig58.png>
Package pdftex.def Info: ./Figures/MS/fig58.png  used on input line 225.
(pdftex.def)             Requested size: 325.215pt x 180.74629pt.
<./Figures/MS/fig59.png, id=278, 727.96968pt x 439.6425pt>
File: ./Figures/MS/fig59.png Graphic file (type png)
<use ./Figures/MS/fig59.png>
Package pdftex.def Info: ./Figures/MS/fig59.png  used on input line 233.
(pdftex.def)             Requested size: 325.215pt x 196.41512pt.
<./Figures/MS/fig510.png, id=279, 685.8122pt x 403.5075pt>
File: ./Figures/MS/fig510.png Graphic file (type png)
<use ./Figures/MS/fig510.png>
Package pdftex.def Info: ./Figures/MS/fig510.png  used on input line 241.
(pdftex.def)             Requested size: 325.215pt x 191.34789pt.
<./Figures/MS/fig511.png, id=280, 885.3075pt x 464.4853pt>
File: ./Figures/MS/fig511.png Graphic file (type png)
<use ./Figures/MS/fig511.png>
Package pdftex.def Info: ./Figures/MS/fig511.png  used on input line 249.
(pdftex.def)             Requested size: 325.215pt x 170.63074pt.
 [9 <./Figures/MS/fig58.png>] [10 <./Figures/MS/fig59.png> <./Figures/MS/fig510.png>] [11 <./Figures/MS/fig511.png>]
<./Figures/MS/fig512.png, id=299, 1202.99437pt x 643.6547pt>
File: ./Figures/MS/fig512.png Graphic file (type png)
<use ./Figures/MS/fig512.png>
Package pdftex.def Info: ./Figures/MS/fig512.png  used on input line 261.
(pdftex.def)             Requested size: 325.215pt x 174.00516pt.
<./Figures/MS/fig513.png, id=300, 1193.20781pt x 645.91313pt>
File: ./Figures/MS/fig513.png Graphic file (type png)
<use ./Figures/MS/fig513.png>
Package pdftex.def Info: ./Figures/MS/fig513.png  used on input line 269.
(pdftex.def)             Requested size: 325.215pt x 176.0448pt.
<./Figures/MS/fig514.png, id=301, 1181.16281pt x 642.90187pt>
File: ./Figures/MS/fig514.png Graphic file (type png)
<use ./Figures/MS/fig514.png>
Package pdftex.def Info: ./Figures/MS/fig514.png  used on input line 277.
(pdftex.def)             Requested size: 325.215pt x 177.00946pt.
 [12

 <./Figures/MS/fig512.png> <./Figures/MS/fig513.png>] [13 <./Figures/MS/fig514.png>]
Overfull \hbox (8.98427pt too wide) in paragraph at lines 288--311
[][] 
 []


Overfull \hbox (73.82132pt too wide) in paragraph at lines 316--332
[][] 
 []

[14

]
<./Figures/MS/fig515.png, id=319, 823.57687pt x 407.27156pt>
File: ./Figures/MS/fig515.png Graphic file (type png)
<use ./Figures/MS/fig515.png>
Package pdftex.def Info: ./Figures/MS/fig515.png  used on input line 357.
(pdftex.def)             Requested size: 325.215pt x 160.82388pt.
<./Figures/MS/fig516.png, id=320, 656.4525pt x 383.93437pt>
File: ./Figures/MS/fig516.png Graphic file (type png)
<use ./Figures/MS/fig516.png>
Package pdftex.def Info: ./Figures/MS/fig516.png  used on input line 365.
(pdftex.def)             Requested size: 325.215pt x 190.2092pt.
<./Figures/MS/fig517.png, id=321, 608.2725pt x 342.5297pt>
File: ./Figures/MS/fig517.png Graphic file (type png)
<use ./Figures/MS/fig517.png>
Package pdftex.def Info: ./Figures/MS/fig517.png  used on input line 373.
(pdftex.def)             Requested size: 325.215pt x 183.1392pt.
<./Figures/MS/fig518.png, id=322, 880.03781pt x 462.22687pt>
File: ./Figures/MS/fig518.png Graphic file (type png)
<use ./Figures/MS/fig518.png>
Package pdftex.def Info: ./Figures/MS/fig518.png  used on input line 381.
(pdftex.def)             Requested size: 325.215pt x 170.80966pt.
 [15 <./Figures/MS/fig515.png>] [16 <./Figures/MS/fig516.png> <./Figures/MS/fig517.png>] [17 <./Figures/MS/fig518.png>]
Overfull \hbox (3.10933pt too wide) in paragraph at lines 392--415
[][] 
 []


Overfull \hbox (91.44614pt too wide) in paragraph at lines 420--436
[][] 
 []

[18

]
<./Figures/MS/fig519.png, id=347, 745.28438pt x 404.26031pt>
File: ./Figures/MS/fig519.png Graphic file (type png)
<use ./Figures/MS/fig519.png>
Package pdftex.def Info: ./Figures/MS/fig519.png  used on input line 460.
(pdftex.def)             Requested size: 325.215pt x 176.4008pt.
<./Figures/MS/fig520.png, id=348, 748.29562pt x 452.4403pt>
File: ./Figures/MS/fig520.png Graphic file (type png)
<use ./Figures/MS/fig520.png>
Package pdftex.def Info: ./Figures/MS/fig520.png  used on input line 468.
(pdftex.def)             Requested size: 325.215pt x 196.63045pt.
<./Figures/MS/fig521.png, id=349, 705.38531pt x 398.23781pt>
File: ./Figures/MS/fig521.png Graphic file (type png)
<use ./Figures/MS/fig521.png>
Package pdftex.def Info: ./Figures/MS/fig521.png  used on input line 476.
(pdftex.def)             Requested size: 325.215pt x 183.60481pt.
<./Figures/MS/fig522.png, id=350, 887.56593pt x 467.49657pt>
File: ./Figures/MS/fig522.png Graphic file (type png)
<use ./Figures/MS/fig522.png>
Package pdftex.def Info: ./Figures/MS/fig522.png  used on input line 484.
(pdftex.def)             Requested size: 325.215pt x 171.29466pt.
 [19 <./Figures/MS/fig519.png>] [20 <./Figures/MS/fig520.png> <./Figures/MS/fig521.png>] [21 <./Figures/MS/fig522.png>]) ("f:/Study\MS THESIS\writeup\2017-FMSEE32 LaTeX Files\uet_thesis.bbl" [22

]

Package natbib Warning: Empty `thebibliography' environment on input line 3.

) [23

]
-------------------------------------------
 References
-------------------------------------------
Package atveryend Info: Empty hook `BeforeClearDocument' on input line 190.
Package atveryend Info: Empty hook `AfterLastShipout' on input line 190.
("f:/Study\MS THESIS\writeup\2017-FMSEE32 LaTeX Files\uet_thesis.aux")
Package atveryend Info: Executing hook `AtVeryEndDocument' on input line 190.
Package atveryend Info: Executing hook `AtEndAfterFileList' on input line 190.
Package rerunfilecheck Info: File `uet_thesis.out' has not changed.
(rerunfilecheck)             Checksum: A83E87E1FE9922EFE63C810B80CAB15A;3981.
Package atveryend Info: Empty hook `AtVeryVeryEnd' on input line 190.
 ) 
Here is how much of TeX's memory you used:
 14541 strings out of 481212
 212245 string characters out of 2905973
 477799 words of memory out of 3000000
 29786 multiletter control sequences out of 15000+200000
 544100 words of font info for 61 fonts, out of 3000000 for 9000
 1141 hyphenation exceptions out of 8191
 51i,11n,49p,469b,385s stack positions out of 5000i,500n,10000p,200000b,50000s
 <C:\Users\Arsla\AppData\Local\MiKTeX\fonts/pk/ljfour/jknappen/ec/dpi600\tcrm1200.pk><C:/Users/Arsla/AppData/Local/Programs/MiKTeX/fonts/type1/public/amsfonts/cm/cmbx12.pfb><C:/Users/Arsla/AppData/Local/Programs/MiKTeX/fonts/type1/public/amsfonts/cm/cmcsc10.pfb><C:/Users/Arsla/AppData/Local/Programs/MiKTeX/fonts/type1/public/amsfonts/cm/cmr10.pfb><C:/Users/Arsla/AppData/Local/Programs/MiKTeX/fonts/type1/public/amsfonts/cm/cmr12.pfb><C:/Users/Arsla/AppData/Local/Programs/MiKTeX/fonts/type1/public/amsfonts/cm/cmr17.pfb><C:/Users/Arsla/AppData/Local/Programs/MiKTeX/fonts/type1/public/amsfonts/cm/cmsl12.pfb><C:/Users/Arsla/AppData/Local/Programs/MiKTeX/fonts/type1/public/amsfonts/cm/cmti12.pfb>
Output written on "f:/Study\MS THESIS\writeup\2017-FMSEE32 LaTeX Files\uet_thesis.pdf" (31 pages, 871360 bytes).
PDF statistics:
 429 PDF objects out of 1000 (max. 8388607)
 97 named destinations out of 1000 (max. 500000)
 316 words of extra memory for PDF output out of 10000 (max. 10000000)

